WARNING: A conda environment already exists at '/srv/home/cjdunbar/.conda/envs/final_project_cpp'
Remove existing environment (y/[n])? 
Collecting package metadata (current_repodata.json): ...working... done
Solving environment: ...working... done

# All requested packages already installed.

Processing ./gymnasium
  Installing build dependencies: started
  Installing build dependencies: finished with status 'done'
  Getting requirements to build wheel: started
  Getting requirements to build wheel: finished with status 'done'
  Installing backend dependencies: started
  Installing backend dependencies: finished with status 'done'
  Preparing metadata (pyproject.toml): started
  Preparing metadata (pyproject.toml): finished with status 'done'
Requirement already satisfied: numpy>=1.21.0 in /srv/home/cjdunbar/.conda/envs/final_project_cpp/lib/python3.11/site-packages (from gymnasium==0.28.1) (1.26.2)
Requirement already satisfied: cloudpickle>=1.2.0 in /srv/home/cjdunbar/.conda/envs/final_project_cpp/lib/python3.11/site-packages (from gymnasium==0.28.1) (3.0.0)
Requirement already satisfied: typing-extensions>=4.3.0 in /srv/home/cjdunbar/.conda/envs/final_project_cpp/lib/python3.11/site-packages (from gymnasium==0.28.1) (4.7.1)
Requirement already satisfied: farama-notifications>=0.0.1 in /srv/home/cjdunbar/.conda/envs/final_project_cpp/lib/python3.11/site-packages (from gymnasium==0.28.1) (0.0.4)
Building wheels for collected packages: gymnasium
  Building wheel for gymnasium (pyproject.toml): started
  Building wheel for gymnasium (pyproject.toml): finished with status 'done'
  Created wheel for gymnasium: filename=gymnasium-0.28.1-py3-none-any.whl size=981198 sha256=bfb978248bfd3971e6459eb92fd005e2c9e4379c71cc2ef2eff5187f279773c2
  Stored in directory: /tmp/pip-ephem-wheel-cache-7sbekgo2/wheels/e2/58/78/4ca74fcce7cf31c0a0f0be18e7c92dc2601751f288b6929e72
Successfully built gymnasium
Installing collected packages: gymnasium
  Attempting uninstall: gymnasium
    Found existing installation: gymnasium 0.28.1
    Uninstalling gymnasium-0.28.1:
      Successfully uninstalled gymnasium-0.28.1
Successfully installed gymnasium-0.28.1
STATE SPACE SIZE: 6
ACTION SPACE SIZE: 5
