
CondaSystemExit: Exiting.



==> WARNING: A newer version of conda exists. <==
  current version: 4.10.1
  latest version: 23.11.0

Please update conda by running

    $ conda update -n base -c defaults conda


rk4.cpp: In function ‘void dsdt(double**, double, double, double, double, double)’:
rk4.cpp:9:12: warning: unused variable ‘dt’ [-Wunused-variable]
    9 |     double dt = 0.2;
      |            ^~
rk4.cpp:14:12: warning: unused variable ‘l2’ [-Wunused-variable]
   14 |     double l2 = 1.0;  // [m]
      |            ^~
Traceback (most recent call last):
  File "/srv/home/cjdunbar/ALPACA/ME759/SequentionalQlearnCPP.py", line 98, in <module>
    next_observation, reward, terminated, truncated, info = env.step(action)
                                                            ^^^^^^^^^^^^^^^^
  File "/srv/home/cjdunbar/.conda/envs/final_project_cpp/lib/python3.11/site-packages/gymnasium/wrappers/time_limit.py", line 57, in step
    observation, reward, terminated, truncated, info = self.env.step(action)
                                                       ^^^^^^^^^^^^^^^^^^^^^
  File "/srv/home/cjdunbar/.conda/envs/final_project_cpp/lib/python3.11/site-packages/gymnasium/wrappers/order_enforcing.py", line 56, in step
    return self.env.step(action)
           ^^^^^^^^^^^^^^^^^^^^^
  File "/srv/home/cjdunbar/.conda/envs/final_project_cpp/lib/python3.11/site-packages/gymnasium/wrappers/env_checker.py", line 49, in step
    return env_step_passive_checker(self.env, action)
           ^^^^^^^^^^^^^^^^^^^^^^^^^^^^^^^^^^^^^^^^^^
  File "/srv/home/cjdunbar/.conda/envs/final_project_cpp/lib/python3.11/site-packages/gymnasium/utils/passive_env_checker.py", line 208, in env_step_passive_checker
    result = env.step(action)
             ^^^^^^^^^^^^^^^^
  File "/srv/home/cjdunbar/.conda/envs/final_project_cpp/lib/python3.11/site-packages/gymnasium/envs/classic_control/acrobotCdyn.py", line 218, in step
    ns = rk4(self._dsdt, s_augmented, [0, self.dt])
         ^^^^^^^^^^^^^^^^^^^^^^^^^^^^^^^^^^^^^^^^^^
  File "/srv/home/cjdunbar/.conda/envs/final_project_cpp/lib/python3.11/site-packages/gymnasium/envs/classic_control/acrobotCdyn.py", line 435, in rk4
    k1 = np.asarray(derivs(y0))
                    ^^^^^^^^^^
  File "/srv/home/cjdunbar/.conda/envs/final_project_cpp/lib/python3.11/site-packages/gymnasium/envs/classic_control/acrobotCdyn.py", line 251, in _dsdt
    output = [float(n) for n in dsdt]
             ^^^^^^^^^^^^^^^^^^^^^^^^
  File "/srv/home/cjdunbar/.conda/envs/final_project_cpp/lib/python3.11/site-packages/gymnasium/envs/classic_control/acrobotCdyn.py", line 251, in <listcomp>
    output = [float(n) for n in dsdt]
              ^^^^^^^^
ValueError: could not convert string to float: ''
